<?xml version="1.0" encoding="UTF-8"?>
<!-- Generated by org.testng.reporters.JUnitReportReporter -->
<testsuite hostname="ASUSTUF" failures="0" tests="8" name="AppiumProject.TestCases" time="13.729" errors="0" timestamp="2023-05-25T13:29:41 IST" skipped="7">
  <testcase classname="AppiumProject.TestCases" name="tc7" time="13.729"/>
  <system-out/>
  <testcase classname="AppiumProject.TestCases" name="tc8">
    <skipped/>
  </testcase> <!-- tc8 -->
  <system-out/>
  <testcase classname="AppiumProject.TestCases" name="tc1">
    <skipped/>
  </testcase> <!-- tc1 -->
  <system-out/>
  <testcase classname="AppiumProject.TestCases" name="tc2">
    <skipped/>
  </testcase> <!-- tc2 -->
  <system-out/>
  <testcase classname="AppiumProject.TestCases" name="tc5">
    <skipped/>
  </testcase> <!-- tc5 -->
  <system-out/>
  <testcase classname="AppiumProject.TestCases" name="tc6">
    <skipped/>
  </testcase> <!-- tc6 -->
  <system-out/>
  <testcase classname="AppiumProject.TestCases" name="tc3">
    <skipped/>
  </testcase> <!-- tc3 -->
  <system-out/>
  <testcase classname="AppiumProject.TestCases" name="tc4">
    <skipped/>
  </testcase> <!-- tc4 -->
  <system-out/>
</testsuite> <!-- AppiumProject.TestCases -->
